{"uuid":"df291a26-d9ea-4231-8ee8-7abaec361c01","historyId":"d027145386b575e15e56b2caec8a4d53","testCaseId":"[engine:junit-jupiter]/[class:MainPageTest]/[method:localizationAssertions()]","testCaseName":"localizationAssertions()","fullName":"MainPageTest.localizationAssertions","labels":[{"name":"junit.platform.uniqueid","value":"[engine:junit-jupiter]/[class:MainPageTest]/[method:localizationAssertions()]"},{"name":"host","value":"WIN-SLKJKSDU8S8"},{"name":"thread","value":"18864@WIN-SLKJKSDU8S8.main(1)"},{"name":"framework","value":"junit-platform"},{"name":"language","value":"java"},{"name":"package","value":"MainPageTest"},{"name":"testClass","value":"MainPageTest"},{"name":"testMethod","value":"localizationAssertions"},{"name":"suite","value":"MainPageTest"}],"links":[],"name":"localizationAssertions()","status":"failed","statusDetails":{"known":false,"muted":false,"flaky":false,"message":"Test localizationAssertions() failed (2 failures)\r\n\tcom.codeborne.selenide.ex.ElementShould: Element should be text \"Марракеш\" {By.xpath: .//*[contains(@class,'Order_cardPreview')]/By.xpath: .//h3[contains(@class,'Order_cardHeading')]}\r\nElement: '<h3 class=\"heading heading_size_m heading_theme_alfa-on-white Order_cardHeading__2PyrG\">Марракэш</h3>'\r\nActual value: text=\"Марракэш\"\r\nScreenshot: file:/C:/Users/Yum/IdeaProjects/SelenideUiTests/build/reports/tests/1690228866415.0.png\r\nPage source: file:/C:/Users/Yum/IdeaProjects/SelenideUiTests/build/reports/tests/1690228866415.0.html\r\nTimeout: 10 s.\r\n\tcom.codeborne.selenide.ex.ElementShould: Element should be text \"Всего 45 000 руб.!\" {By.xpath: .//*[contains(@class,'Order_cardPreview')]/By.xpath: .//li[contains(@class,'list__item')][0]}\r\nElement: '<li class=\"list__item\">Сказочный Восток</li>'\r\nActual value: text=\"Сказочный Восток\"\r\nScreenshot: file:/C:/Users/Yum/IdeaProjects/SelenideUiTests/build/reports/tests/1690228876663.1.png\r\nPage source: file:/C:/Users/Yum/IdeaProjects/SelenideUiTests/build/reports/tests/1690228876663.1.html\r\nTimeout: 10 s.","trace":"com.codeborne.selenide.ex.SoftAssertionError: Test localizationAssertions() failed (2 failures)\r\n\tcom.codeborne.selenide.ex.ElementShould: Element should be text \"Марракеш\" {By.xpath: .//*[contains(@class,'Order_cardPreview')]/By.xpath: .//h3[contains(@class,'Order_cardHeading')]}\r\nElement: '<h3 class=\"heading heading_size_m heading_theme_alfa-on-white Order_cardHeading__2PyrG\">Марракэш</h3>'\r\nActual value: text=\"Марракэш\"\r\nScreenshot: file:/C:/Users/Yum/IdeaProjects/SelenideUiTests/build/reports/tests/1690228866415.0.png\r\nPage source: file:/C:/Users/Yum/IdeaProjects/SelenideUiTests/build/reports/tests/1690228866415.0.html\r\nTimeout: 10 s.\r\n\tcom.codeborne.selenide.ex.ElementShould: Element should be text \"Всего 45 000 руб.!\" {By.xpath: .//*[contains(@class,'Order_cardPreview')]/By.xpath: .//li[contains(@class,'list__item')][0]}\r\nElement: '<li class=\"list__item\">Сказочный Восток</li>'\r\nActual value: text=\"Сказочный Восток\"\r\nScreenshot: file:/C:/Users/Yum/IdeaProjects/SelenideUiTests/build/reports/tests/1690228876663.1.png\r\nPage source: file:/C:/Users/Yum/IdeaProjects/SelenideUiTests/build/reports/tests/1690228876663.1.html\r\nTimeout: 10 s.\r\n\tat com.codeborne.selenide.logevents.ErrorsCollector.cleanAndGetAssertionError(ErrorsCollector.java:64)\r\n\tat com.codeborne.selenide.logevents.ErrorsCollector.cleanAndThrowAssertionError(ErrorsCollector.java:70)\r\n\tat com.codeborne.selenide.junit5.SoftAssertsExtension.lambda$afterEach$3(SoftAssertsExtension.java:62)\r\n\tat java.base/java.util.Optional.ifPresent(Optional.java:183)\r\n\tat com.codeborne.selenide.junit5.SoftAssertsExtension.afterEach(SoftAssertsExtension.java:61)\r\n\tat org.junit.jupiter.engine.descriptor.TestMethodTestDescriptor.lambda$invokeAfterEachCallbacks$12(TestMethodTestDescriptor.java:260)\r\n\tat org.junit.jupiter.engine.descriptor.TestMethodTestDescriptor.lambda$invokeAllAfterMethodsOrCallbacks$13(TestMethodTestDescriptor.java:276)\r\n\tat org.junit.platform.engine.support.hierarchical.ThrowableCollector.execute(ThrowableCollector.java:73)\r\n\tat org.junit.jupiter.engine.descriptor.TestMethodTestDescriptor.lambda$invokeAllAfterMethodsOrCallbacks$14(TestMethodTestDescriptor.java:276)\r\n\tat java.base/java.util.ArrayList.forEach(ArrayList.java:1541)\r\n\tat org.junit.jupiter.engine.descriptor.TestMethodTestDescriptor.invokeAllAfterMethodsOrCallbacks(TestMethodTestDescriptor.java:275)\r\n\tat org.junit.jupiter.engine.descriptor.TestMethodTestDescriptor.invokeAfterEachCallbacks(TestMethodTestDescriptor.java:259)\r\n\tat org.junit.jupiter.engine.descriptor.TestMethodTestDescriptor.execute(TestMethodTestDescriptor.java:144)\r\n\tat org.junit.jupiter.engine.descriptor.TestMethodTestDescriptor.execute(TestMethodTestDescriptor.java:68)\r\n\tat org.junit.platform.engine.support.hierarchical.NodeTestTask.lambda$executeRecursively$6(NodeTestTask.java:151)\r\n\tat org.junit.platform.engine.support.hierarchical.ThrowableCollector.execute(ThrowableCollector.java:73)\r\n\tat org.junit.platform.engine.support.hierarchical.NodeTestTask.lambda$executeRecursively$8(NodeTestTask.java:141)\r\n\tat org.junit.platform.engine.support.hierarchical.Node.around(Node.java:137)\r\n\tat org.junit.platform.engine.support.hierarchical.NodeTestTask.lambda$executeRecursively$9(NodeTestTask.java:139)\r\n\tat org.junit.platform.engine.support.hierarchical.ThrowableCollector.execute(ThrowableCollector.java:73)\r\n\tat org.junit.platform.engine.support.hierarchical.NodeTestTask.executeRecursively(NodeTestTask.java:138)\r\n\tat org.junit.platform.engine.support.hierarchical.NodeTestTask.execute(NodeTestTask.java:95)\r\n\tat java.base/java.util.ArrayList.forEach(ArrayList.java:1541)\r\n\tat org.junit.platform.engine.support.hierarchical.SameThreadHierarchicalTestExecutorService.invokeAll(SameThreadHierarchicalTestExecutorService.java:41)\r\n\tat org.junit.platform.engine.support.hierarchical.NodeTestTask.lambda$executeRecursively$6(NodeTestTask.java:155)\r\n\tat org.junit.platform.engine.support.hierarchical.ThrowableCollector.execute(ThrowableCollector.java:73)\r\n\tat org.junit.platform.engine.support.hierarchical.NodeTestTask.lambda$executeRecursively$8(NodeTestTask.java:141)\r\n\tat org.junit.platform.engine.support.hierarchical.Node.around(Node.java:137)\r\n\tat org.junit.platform.engine.support.hierarchical.NodeTestTask.lambda$executeRecursively$9(NodeTestTask.java:139)\r\n\tat org.junit.platform.engine.support.hierarchical.ThrowableCollector.execute(ThrowableCollector.java:73)\r\n\tat org.junit.platform.engine.support.hierarchical.NodeTestTask.executeRecursively(NodeTestTask.java:138)\r\n\tat org.junit.platform.engine.support.hierarchical.NodeTestTask.execute(NodeTestTask.java:95)\r\n\tat java.base/java.util.ArrayList.forEach(ArrayList.java:1541)\r\n\tat org.junit.platform.engine.support.hierarchical.SameThreadHierarchicalTestExecutorService.invokeAll(SameThreadHierarchicalTestExecutorService.java:41)\r\n\tat org.junit.platform.engine.support.hierarchical.NodeTestTask.lambda$executeRecursively$6(NodeTestTask.java:155)\r\n\tat org.junit.platform.engine.support.hierarchical.ThrowableCollector.execute(ThrowableCollector.java:73)\r\n\tat org.junit.platform.engine.support.hierarchical.NodeTestTask.lambda$executeRecursively$8(NodeTestTask.java:141)\r\n\tat org.junit.platform.engine.support.hierarchical.Node.around(Node.java:137)\r\n\tat org.junit.platform.engine.support.hierarchical.NodeTestTask.lambda$executeRecursively$9(NodeTestTask.java:139)\r\n\tat org.junit.platform.engine.support.hierarchical.ThrowableCollector.execute(ThrowableCollector.java:73)\r\n\tat org.junit.platform.engine.support.hierarchical.NodeTestTask.executeRecursively(NodeTestTask.java:138)\r\n\tat org.junit.platform.engine.support.hierarchical.NodeTestTask.execute(NodeTestTask.java:95)\r\n\tat org.junit.platform.engine.support.hierarchical.SameThreadHierarchicalTestExecutorService.submit(SameThreadHierarchicalTestExecutorService.java:35)\r\n\tat org.junit.platform.engine.support.hierarchical.HierarchicalTestExecutor.execute(HierarchicalTestExecutor.java:57)\r\n\tat org.junit.platform.engine.support.hierarchical.HierarchicalTestEngine.execute(HierarchicalTestEngine.java:54)\r\n\tat org.junit.platform.launcher.core.EngineExecutionOrchestrator.execute(EngineExecutionOrchestrator.java:107)\r\n\tat org.junit.platform.launcher.core.EngineExecutionOrchestrator.execute(EngineExecutionOrchestrator.java:88)\r\n\tat org.junit.platform.launcher.core.EngineExecutionOrchestrator.lambda$execute$0(EngineExecutionOrchestrator.java:54)\r\n\tat org.junit.platform.launcher.core.EngineExecutionOrchestrator.withInterceptedStreams(EngineExecutionOrchestrator.java:67)\r\n\tat org.junit.platform.launcher.core.EngineExecutionOrchestrator.execute(EngineExecutionOrchestrator.java:52)\r\n\tat org.junit.platform.launcher.core.DefaultLauncher.execute(DefaultLauncher.java:114)\r\n\tat org.junit.platform.launcher.core.DefaultLauncher.execute(DefaultLauncher.java:86)\r\n\tat org.junit.platform.launcher.core.DefaultLauncherSession$DelegatingLauncher.execute(DefaultLauncherSession.java:86)\r\n\tat org.junit.platform.launcher.core.SessionPerRequestLauncher.execute(SessionPerRequestLauncher.java:53)\r\n\tat com.intellij.junit5.JUnit5IdeaTestRunner.startRunnerWithArgs(JUnit5IdeaTestRunner.java:71)\r\n\tat com.intellij.rt.junit.IdeaTestRunner$Repeater$1.execute(IdeaTestRunner.java:38)\r\n\tat com.intellij.rt.execution.junit.TestsRepeater.repeat(TestsRepeater.java:11)\r\n\tat com.intellij.rt.junit.IdeaTestRunner$Repeater.startRunnerWithArgs(IdeaTestRunner.java:35)\r\n\tat com.intellij.rt.junit.JUnitStarter.prepareStreamsAndStart(JUnitStarter.java:235)\r\n\tat com.intellij.rt.junit.JUnitStarter.main(JUnitStarter.java:54)\r\n"},"stage":"finished","description":"","steps":[],"attachments":[],"parameters":[],"start":1690228856169,"stop":1690228876742}